
============================================================
D2: Dream Chaining Evaluation
============================================================
Mode: chained
Num chains: 5
Eval budget: 100 steps
Num eval: 20 episodes
Measure drift: True
Policy: pusht/lejepa

Loading and compiling model...
Compiling predictor with backend='inductor', mode='reduce-overhead'...
Compiling encoder with backend='inductor', mode='reduce-overhead'...
Patched rollout with pre-allocated buffers.
Warming up compiled pipeline...
  warmup 1/3
  warmup 2/3
  warmup 3/3
Pipeline ready.
DreamChainer initialized: 5 chains × horizon 5
08:31:23.814 | INFO    (13498, stable_pretraining) | Cached 'action' from '/workspace/data/pusht_expert_train.h5'
08:31:23.859 | INFO    (13498, stable_pretraining) | Cached 'proprio' from '/workspace/data/pusht_expert_train.h5'
08:31:23.928 | INFO    (13498, stable_pretraining) | Cached 'state' from '/workspace/data/pusht_expert_train.h5'
08:31:26.228 | INFO    (13498, stable_worldmodel.world) | 🌍🌍🌍 World swm/PushT-v1 initialized 🌍🌍🌍
08:31:26.228 | INFO    (13498, stable_worldmodel.world) | 🕹️ 🕹️ 🕹️ Action space 🕹️ 🕹️ 🕹️
08:31:26.228 | INFO    (13498, stable_worldmodel.world) | Box(-1.0, 1.0, (1, 2), float32)
08:31:26.228 | INFO    (13498, stable_worldmodel.world) | 👁️ 👁️ 👁️ Observation space 👁️ 👁️ 👁️
08:31:26.228 | INFO    (13498, stable_worldmodel.world) | Dict('proprio': Box(0.0, 512.0, (1, 4), float64), 'state': Box(0.0, [[512.         512.         512.         512.           6.28318531
  512.         512.        ]], (1, 7), float64))
08:31:26.228 | INFO    (13498, stable_worldmodel.world) | ⚗️ ⚗️ ⚗️ Variation space ⚗️ ⚗️ ⚗️
agent:
    angle: Box(-6.283185307179586, 6.283185307179586, (), float64)
    color: Box(0, 255, (3,), uint8)
    scale: Box(20.0, 60.0, (), float32)
    shape: Discrete(8)
    start_position: Box(50.0, 450.0, (2,), float64)
    velocity: Box(0.0, 512.0, (2,), float64)
background:
    color: Box(0, 255, (3,), uint8)
block:
    angle: Box(-6.283185307179586, 6.283185307179586, (), float64)
    color: Box(0, 255, (3,), uint8)
    scale: Box(20.0, 60.0, (), float32)
    shape: Discrete(7, start=1)
    start_position: Box(100.0, 400.0, (2,), float64)
goal:
    angle: Box(-6.283185307179586, 6.283185307179586, (), float64)
    color: Box(0, 255, (3,), uint8)
    position: Box(50.0, 450.0, (2,), float64)
    scale: Box(20.0, 60.0, (), float32)
rendering:
    render_goal: Discrete(2)
/usr/local/lib/python3.11/dist-packages/gymnasium/spaces/box.py:424: UserWarning: [33mWARN: Casting input x to numpy array.[0m
  gym.logger.warn("Casting input x to numpy array.")
/usr/local/lib/python3.11/dist-packages/gymnasium/utils/passive_env_checker.py:158: UserWarning: [33mWARN: The obs returned by the `step()` method is not within the observation space.[0m
  logger.warn(f"{pre} is not within the observation space.")
/usr/local/lib/python3.11/dist-packages/gymnasium/spaces/box.py:424: UserWarning: [33mWARN: Casting input x to numpy array.[0m
  gym.logger.warn("Casting input x to numpy array.")
/usr/local/lib/python3.11/dist-packages/gymnasium/spaces/box.py:424: UserWarning: [33mWARN: Casting input x to numpy array.[0m
  gym.logger.warn("Casting input x to numpy array.")
/usr/local/lib/python3.11/dist-packages/gymnasium/spaces/box.py:424: UserWarning: [33mWARN: Casting input x to numpy array.[0m
  gym.logger.warn("Casting input x to numpy array.")
/usr/local/lib/python3.11/dist-packages/gymnasium/spaces/box.py:424: UserWarning: [33mWARN: Casting input x to numpy array.[0m
  gym.logger.warn("Casting input x to numpy array.")
/usr/local/lib/python3.11/dist-packages/gymnasium/spaces/box.py:424: UserWarning: [33mWARN: Casting input x to numpy array.[0m
  gym.logger.warn("Casting input x to numpy array.")
/usr/local/lib/python3.11/dist-packages/gymnasium/spaces/box.py:424: UserWarning: [33mWARN: Casting input x to numpy array.[0m
  gym.logger.warn("Casting input x to numpy array.")
/usr/local/lib/python3.11/dist-packages/gymnasium/spaces/box.py:424: UserWarning: [33mWARN: Casting input x to numpy array.[0m
  gym.logger.warn("Casting input x to numpy array.")
/usr/local/lib/python3.11/dist-packages/gymnasium/spaces/box.py:424: UserWarning: [33mWARN: Casting input x to numpy array.[0m
  gym.logger.warn("Casting input x to numpy array.")
/usr/local/lib/python3.11/dist-packages/gymnasium/spaces/box.py:424: UserWarning: [33mWARN: Casting input x to numpy array.[0m
  gym.logger.warn("Casting input x to numpy array.")
/usr/local/lib/python3.11/dist-packages/gymnasium/spaces/box.py:424: UserWarning: [33mWARN: Casting input x to numpy array.[0m
  gym.logger.warn("Casting input x to numpy array.")
/usr/local/lib/python3.11/dist-packages/gymnasium/spaces/box.py:424: UserWarning: [33mWARN: Casting input x to numpy array.[0m
  gym.logger.warn("Casting input x to numpy array.")
/usr/local/lib/python3.11/dist-packages/gymnasium/spaces/box.py:424: UserWarning: [33mWARN: Casting input x to numpy array.[0m
  gym.logger.warn("Casting input x to numpy array.")
/usr/local/lib/python3.11/dist-packages/gymnasium/spaces/box.py:424: UserWarning: [33mWARN: Casting input x to numpy array.[0m
  gym.logger.warn("Casting input x to numpy array.")
/usr/local/lib/python3.11/dist-packages/gymnasium/spaces/box.py:424: UserWarning: [33mWARN: Casting input x to numpy array.[0m
  gym.logger.warn("Casting input x to numpy array.")
/usr/local/lib/python3.11/dist-packages/gymnasium/spaces/box.py:424: UserWarning: [33mWARN: Casting input x to numpy array.[0m
  gym.logger.warn("Casting input x to numpy array.")
/usr/local/lib/python3.11/dist-packages/gymnasium/spaces/box.py:424: UserWarning: [33mWARN: Casting input x to numpy array.[0m
  gym.logger.warn("Casting input x to numpy array.")
/usr/local/lib/python3.11/dist-packages/gymnasium/spaces/box.py:424: UserWarning: [33mWARN: Casting input x to numpy array.[0m
  gym.logger.warn("Casting input x to numpy array.")
/usr/local/lib/python3.11/dist-packages/gymnasium/spaces/box.py:424: UserWarning: [33mWARN: Casting input x to numpy array.[0m
  gym.logger.warn("Casting input x to numpy array.")
/usr/local/lib/python3.11/dist-packages/gymnasium/spaces/box.py:424: UserWarning: [33mWARN: Casting input x to numpy array.[0m
  gym.logger.warn("Casting input x to numpy array.")

Running 20 episodes...
  Episode 1/20: success_rate=0.0%, mean_planning=1912ms
  Episode 10/20: success_rate=0.0%, mean_planning=434ms
  Episode 20/20: success_rate=10.0%, mean_planning=435ms

============================================================
D2 Results: chained (5 chains)
============================================================
Success rate: 10.0% (2/20)
Planning latency: 514 ms/step (1.9 Hz)
Eval budget: 100 steps/episode
Chain timing: 502 ms total (5 chains)
  Chain 1: 155 ms
  Chain 2: 94 ms
  Chain 3: 85 ms
  Chain 4: 84 ms
  Chain 5: 84 ms

Drift (predicted vs actual embedding after chain 1):
  MSE:        0.052676 +/- 0.036908 (median: 0.044659, max: 0.442784)
  Cosine sim: 0.9759 +/- 0.0178 (min: 0.8032)
  Samples:    370

Results saved to /workspace/data/results/d2_chained_5x5_h100_drift.json
